<?xml version="1.0" encoding="UTF-8"?>
<testng-results ignored="0" total="1" passed="1" failed="0" skipped="0">
  <reporter-output>
  </reporter-output>
  <suite started-at="2025-09-30T19:53:17 IST" name="Default suite" finished-at="2025-09-30T19:53:25 IST" duration-ms="7558">
    <groups>
    </groups>
    <test started-at="2025-09-30T19:53:17 IST" name="Default test" finished-at="2025-09-30T19:53:25 IST" duration-ms="7558">
      <class name="Test.HomePageTest">
        <test-method is-config="true" signature="setup()[pri:0, instance:Test.HomePageTest@7c7a06ec]" started-at="2025-09-30T19:53:17 IST" name="setup" finished-at="2025-09-30T19:53:24 IST" duration-ms="7075" status="PASS">
          <reporter-output>
          </reporter-output>
        </test-method> <!-- setup -->
        <test-method signature="addproductsToCartTest()[pri:0, instance:Test.HomePageTest@7c7a06ec]" started-at="2025-09-30T19:53:24 IST" name="addproductsToCartTest" finished-at="2025-09-30T19:53:24 IST" duration-ms="181" status="PASS">
          <reporter-output>
          </reporter-output>
        </test-method> <!-- addproductsToCartTest -->
        <test-method is-config="true" signature="closeBrowser()[pri:0, instance:Test.HomePageTest@7c7a06ec]" started-at="2025-09-30T19:53:24 IST" name="closeBrowser" finished-at="2025-09-30T19:53:25 IST" duration-ms="160" status="PASS">
          <reporter-output>
          </reporter-output>
        </test-method> <!-- closeBrowser -->
      </class> <!-- Test.HomePageTest -->
    </test> <!-- Default test -->
  </suite> <!-- Default suite -->
</testng-results>
